{
  "RSpec": {
    "coverage": {
      "/Users/Andy/Documents/rails/flight-booker/config/environment.rb": [
        null,
        1,
        null,
        null,
        1
      ],
      "/Users/Andy/Documents/rails/flight-booker/config/application.rb": [
        1,
        null,
        1,
        null,
        null,
        null,
        1,
        null,
        1,
        1,
        null,
        1,
        null,
        null,
        null,
        null,
        null,
        null,
        1,
        1,
        null,
        null,
        null,
        null,
        null,
        null,
        1,
        null,
        null,
        null
      ],
      "/Users/Andy/Documents/rails/flight-booker/config/boot.rb": [
        1,
        null,
        1
      ],
      "/Users/Andy/Documents/rails/flight-booker/config/environments/test.rb": [
        1,
        null,
        null,
        null,
        null,
        null,
        null,
        1,
        null,
        null,
        null,
        null,
        1,
        null,
        null,
        1,
        1,
        null,
        null,
        null,
        null,
        1,
        1,
        null,
        null,
        1,
        null,
        null,
        1,
        1,
        null,
        null,
        null,
        null,
        1,
        null,
        null,
        1,
        null,
        null,
        null,
        null
      ],
      "/Users/Andy/Documents/rails/flight-booker/config/initializers/application_controller_renderer.rb": [
        null,
        null,
        null,
        null,
        null,
        null
      ],
      "/Users/Andy/Documents/rails/flight-booker/config/initializers/assets.rb": [
        null,
        null,
        null,
        1,
        null,
        null,
        null,
        null,
        1,
        null,
        null,
        null,
        null,
        null
      ],
      "/Users/Andy/Documents/rails/flight-booker/config/initializers/backtrace_silencers.rb": [
        null,
        null,
        null,
        null,
        null,
        null,
        null
      ],
      "/Users/Andy/Documents/rails/flight-booker/config/initializers/cookies_serializer.rb": [
        null,
        null,
        null,
        null,
        1
      ],
      "/Users/Andy/Documents/rails/flight-booker/config/initializers/filter_parameter_logging.rb": [
        null,
        null,
        null,
        1
      ],
      "/Users/Andy/Documents/rails/flight-booker/config/initializers/inflections.rb": [
        null,
        null,
        null,
        null,
        null,
        null,
        null,
        null,
        null,
        null,
        null,
        null,
        null,
        null,
        null,
        null
      ],
      "/Users/Andy/Documents/rails/flight-booker/config/initializers/mime_types.rb": [
        null,
        null,
        null,
        null
      ],
      "/Users/Andy/Documents/rails/flight-booker/config/initializers/wrap_parameters.rb": [
        null,
        null,
        null,
        null,
        null,
        null,
        1,
        2,
        null,
        null,
        null,
        null,
        null,
        null
      ],
      "/Users/Andy/Documents/rails/flight-booker/app/helpers/application_helper.rb": [
        1,
        null
      ],
      "/Users/Andy/Documents/rails/flight-booker/app/helpers/bookings_helper.rb": [
        1,
        null
      ],
      "/Users/Andy/Documents/rails/flight-booker/app/helpers/flights_helper.rb": [
        1,
        null
      ],
      "/Users/Andy/Documents/rails/flight-booker/spec/factories/airports.rb": [
        1,
        1,
        1,
        1,
        340,
        null,
        null,
        null
      ],
      "/Users/Andy/Documents/rails/flight-booker/spec/factories/flights.rb": [
        1,
        1,
        1,
        39,
        39,
        1,
        null,
        null
      ],
      "/Users/Andy/Documents/rails/flight-booker/spec/factories/passengers.rb": [
        1,
        1,
        1,
        19,
        null,
        null
      ],
      "/Users/Andy/Documents/rails/flight-booker/config/routes.rb": [
        1,
        1,
        1,
        1,
        1,
        1,
        1,
        null
      ],
      "/Users/Andy/Documents/rails/flight-booker/app/controllers/bookings_controller.rb": [
        1,
        1,
        1,
        3,
        null,
        null,
        1,
        6,
        6,
        3,
        null,
        3,
        3,
        null,
        null,
        null,
        1,
        0,
        null,
        null,
        1,
        null,
        1,
        6,
        null,
        null,
        null
      ],
      "/Users/Andy/Documents/rails/flight-booker/app/controllers/application_controller.rb": [
        1,
        1,
        null
      ],
      "/Users/Andy/Documents/rails/flight-booker/spec/controllers/flights_controller_spec.rb": [
        1,
        null,
        1,
        1,
        7,
        7,
        7,
        null,
        null,
        null,
        null,
        null,
        1,
        null,
        null,
        null,
        null,
        null,
        2,
        null,
        null,
        1,
        1,
        1,
        1,
        1,
        null,
        1,
        1,
        1,
        null,
        1,
        1,
        1,
        null,
        1,
        1,
        1,
        null,
        1,
        1,
        1,
        null,
        null,
        null,
        null,
        1,
        1,
        1,
        1,
        null,
        null,
        1,
        1,
        1,
        null,
        null,
        null,
        null
      ],
      "/Users/Andy/Documents/rails/flight-booker/app/controllers/flights_controller.rb": [
        1,
        1,
        21,
        21,
        7,
        7,
        null,
        7,
        null,
        null,
        null,
        null
      ],
      "/Users/Andy/Documents/rails/flight-booker/spec/models/airport_spec.rb": [
        1,
        null,
        1,
        1,
        9,
        null,
        null,
        2,
        2,
        null,
        1,
        1,
        null,
        1,
        1,
        1,
        null,
        1,
        1,
        1,
        null,
        1,
        1,
        1,
        null,
        1,
        1,
        1,
        null,
        1,
        1,
        1,
        null,
        1,
        1,
        1,
        null,
        null
      ],
      "/Users/Andy/Documents/rails/flight-booker/app/models/airport.rb": [
        1,
        1,
        1,
        null,
        null,
        1,
        null,
        1,
        1,
        null,
        1,
        null,
        1,
        86,
        null,
        null
      ],
      "/Users/Andy/Documents/rails/flight-booker/app/models/application_record.rb": [
        1,
        1,
        null
      ],
      "/Users/Andy/Documents/rails/flight-booker/spec/models/booking_spec.rb": [
        1,
        null,
        1,
        1,
        5,
        5,
        5,
        null,
        null,
        2,
        2,
        null,
        1,
        1,
        null,
        null,
        1,
        1,
        1,
        null,
        null,
        1,
        1,
        1,
        null,
        null
      ],
      "/Users/Andy/Documents/rails/flight-booker/app/models/booking.rb": [
        1,
        1,
        1,
        null,
        1,
        1,
        1,
        null
      ],
      "/Users/Andy/Documents/rails/flight-booker/spec/models/flight_spec.rb": [
        1,
        null,
        1,
        1,
        12,
        null,
        null,
        2,
        2,
        2,
        null,
        1,
        1,
        1,
        null,
        null,
        1,
        1,
        1,
        null,
        null,
        1,
        1,
        1,
        null,
        null,
        1,
        1,
        1,
        null,
        null,
        null,
        1,
        1,
        1,
        1,
        null,
        null,
        1,
        1,
        null,
        null,
        1,
        1,
        null,
        null,
        1,
        1,
        1,
        1,
        null,
        null,
        1,
        1,
        1,
        1,
        1,
        1,
        1,
        null,
        null,
        null,
        null,
        null
      ],
      "/Users/Andy/Documents/rails/flight-booker/app/models/flight.rb": [
        1,
        1,
        1,
        1,
        null,
        1,
        1,
        1,
        null,
        1,
        8,
        null,
        null,
        1,
        8,
        null,
        null,
        1,
        9,
        25,
        null,
        null,
        1,
        8,
        null,
        null,
        null,
        null,
        1,
        null,
        1,
        10,
        5,
        5,
        null,
        null,
        null,
        null
      ],
      "/Users/Andy/Documents/rails/flight-booker/spec/models/passenger_spec.rb": [
        1,
        null,
        1,
        1,
        6,
        null,
        null,
        1,
        1,
        1,
        null,
        null,
        1,
        1,
        1,
        null,
        null,
        1,
        1,
        1,
        null,
        null,
        1,
        1,
        1,
        null,
        null,
        1,
        1,
        1,
        null,
        null,
        1,
        1,
        1,
        4,
        4,
        null,
        null,
        null,
        null
      ],
      "/Users/Andy/Documents/rails/flight-booker/app/models/passenger.rb": [
        1,
        1,
        1,
        1,
        null,
        null,
        1,
        1,
        null,
        1,
        null,
        1,
        null,
        1,
        20,
        null,
        null
      ]
    },
    "timestamp": 1502759593
  }
}
